<?xml version="1.0" encoding="UTF-8"?>
<!-- Generated by org.testng.reporters.JUnitReportReporter -->
<testsuite skipped="0" hostname="DDC5-L-G01L1S3" name="com.hybridframework.testCases.TC_LoginDDT_01" tests="4" failures="0" timestamp="13 Jan 2020 04:09:59 GMT" time="76.662" errors="0">
  <testcase name="loginTestDTT" time="11.318" classname="com.hybridframework.testCases.TC_LoginDDT_01"/>
  <testcase name="loginTestDTT" time="14.135" classname="com.hybridframework.testCases.TC_LoginDDT_01"/>
  <testcase name="loginTestDTT" time="34.235" classname="com.hybridframework.testCases.TC_LoginDDT_01"/>
  <testcase name="loginTestDTT" time="16.974" classname="com.hybridframework.testCases.TC_LoginDDT_01"/>
</testsuite> <!-- com.hybridframework.testCases.TC_LoginDDT_01 -->
